<?xml version="1.0" encoding="UTF-8"?>
<testng-results ignored="0" total="1" passed="1" failed="0" skipped="0">
  <reporter-output>
  </reporter-output>
  <suite started-at="2018-05-03T06:38:01Z" name="Suite" finished-at="2018-05-03T06:38:01Z" duration-ms="47">
    <groups>
    </groups>
    <test started-at="2018-05-03T06:38:01Z" name="Test" finished-at="2018-05-03T06:38:01Z" duration-ms="47">
      <class name="com.learnSelenium.Integration.FirstSelenium">
        <test-method signature="printHello()[pri:0, instance:com.learnSelenium.Integration.FirstSelenium@38102d01]" started-at="2018-05-03T06:38:01Z" name="printHello" finished-at="2018-05-03T06:38:01Z" duration-ms="16" status="PASS">
          <reporter-output>
          </reporter-output>
        </test-method> <!-- printHello -->
      </class> <!-- com.learnSelenium.Integration.FirstSelenium -->
    </test> <!-- Test -->
  </suite> <!-- Suite -->
</testng-results>
